<?xml version="1.0" encoding="UTF-8"?>
<testng-results ignored="0" total="2" passed="1" failed="1" skipped="0">
  <reporter-output>
  </reporter-output>
  <suite started-at="2025-07-05T19:39:54 IST" name="Suite" finished-at="2025-07-05T19:45:12 IST" duration-ms="317667">
    <groups>
    </groups>
    <test started-at="2025-07-05T19:39:54 IST" name="Test" finished-at="2025-07-05T19:45:12 IST" duration-ms="317667">
      <class name="com.new1.TESTONLY">
        <test-method is-config="true" signature="setBrowser()[pri:0, instance:com.new1.TESTONLY@72bc6553]" started-at="2025-07-05T19:39:55 IST" name="setBrowser" finished-at="2025-07-05T19:40:28 IST" duration-ms="33050" status="PASS">
          <reporter-output>
          </reporter-output>
        </test-method> <!-- setBrowser -->
        <test-method is-config="true" signature="beforeMethod()[pri:0, instance:com.new1.TESTONLY@72bc6553]" started-at="2025-07-05T19:40:28 IST" name="beforeMethod" finished-at="2025-07-05T19:43:22 IST" duration-ms="174132" status="PASS">
          <reporter-output>
          </reporter-output>
        </test-method> <!-- beforeMethod -->
        <test-method signature="methodFirst()[pri:0, instance:com.new1.TESTONLY@72bc6553]" started-at="2025-07-05T19:43:22 IST" name="methodFirst" finished-at="2025-07-05T19:44:57 IST" duration-ms="95420" status="FAIL">
          <exception class="org.openqa.selenium.StaleElementReferenceException">
            <message>
              <![CDATA[stale element reference: stale element not found in the current frame
  (Session info: chrome=138.0.7204.92)
For documentation on this error, please visit: https://www.selenium.dev/documentation/webdriver/troubleshooting/errors#stale-element-reference-exception
Build info: version: '4.29.0', revision: '5fc1ec94cb'
System info: os.name: 'Windows 10', os.arch: 'amd64', os.version: '10.0', java.version: '24.0.1'
Driver info: org.openqa.selenium.chrome.ChromeDriver
Command: [560be957a6b5c20c28647cc551394ffb, getElementAttribute {id=f.CCE5E88DBEB5B81BEAD6D76F9BBBB992.d.7ED1D847DA6520C148DCCC7F73BDD813.e.929, name=href}]
Capabilities {acceptInsecureCerts: false, browserName: chrome, browserVersion: 138.0.7204.92, chrome: {chromedriverVersion: 138.0.7204.92 (f079b9bc781e..., userDataDir: C:\Users\LENOVO~1.DES\AppDa...}, fedcm:accounts: true, goog:chromeOptions: {debuggerAddress: localhost:62594}, networkConnectionEnabled: false, pageLoadStrategy: normal, platformName: windows, proxy: Proxy(), se:cdp: ws://localhost:62594/devtoo..., se:cdpVersion: 138.0.7204.92, setWindowRect: true, strictFileInteractability: false, timeouts: {implicit: 0, pageLoad: 300000, script: 30000}, unhandledPromptBehavior: dismiss and notify, webauthn:extension:credBlob: true, webauthn:extension:largeBlob: true, webauthn:extension:minPinLength: true, webauthn:extension:prf: true, webauthn:virtualAuthenticators: true}
Element: [[ChromeDriver: chrome on windows (560be957a6b5c20c28647cc551394ffb)] -> tag name: a]
Session ID: 560be957a6b5c20c28647cc551394ffb]]>
            </message>
            <full-stacktrace>
              <![CDATA[org.openqa.selenium.StaleElementReferenceException: stale element reference: stale element not found in the current frame
  (Session info: chrome=138.0.7204.92)
For documentation on this error, please visit: https://www.selenium.dev/documentation/webdriver/troubleshooting/errors#stale-element-reference-exception
Build info: version: '4.29.0', revision: '5fc1ec94cb'
System info: os.name: 'Windows 10', os.arch: 'amd64', os.version: '10.0', java.version: '24.0.1'
Driver info: org.openqa.selenium.chrome.ChromeDriver
Command: [560be957a6b5c20c28647cc551394ffb, getElementAttribute {id=f.CCE5E88DBEB5B81BEAD6D76F9BBBB992.d.7ED1D847DA6520C148DCCC7F73BDD813.e.929, name=href}]
Capabilities {acceptInsecureCerts: false, browserName: chrome, browserVersion: 138.0.7204.92, chrome: {chromedriverVersion: 138.0.7204.92 (f079b9bc781e..., userDataDir: C:\Users\LENOVO~1.DES\AppDa...}, fedcm:accounts: true, goog:chromeOptions: {debuggerAddress: localhost:62594}, networkConnectionEnabled: false, pageLoadStrategy: normal, platformName: windows, proxy: Proxy(), se:cdp: ws://localhost:62594/devtoo..., se:cdpVersion: 138.0.7204.92, setWindowRect: true, strictFileInteractability: false, timeouts: {implicit: 0, pageLoad: 300000, script: 30000}, unhandledPromptBehavior: dismiss and notify, webauthn:extension:credBlob: true, webauthn:extension:largeBlob: true, webauthn:extension:minPinLength: true, webauthn:extension:prf: true, webauthn:virtualAuthenticators: true}
Element: [[ChromeDriver: chrome on windows (560be957a6b5c20c28647cc551394ffb)] -> tag name: a]
Session ID: 560be957a6b5c20c28647cc551394ffb
at java.base/jdk.internal.reflect.DirectConstructorHandleAccessor.newInstance(DirectConstructorHandleAccessor.java:62)
at java.base/java.lang.reflect.Constructor.newInstanceWithCaller(Constructor.java:499)
at java.base/java.lang.reflect.Constructor.newInstance(Constructor.java:483)
at org.openqa.selenium.remote.ErrorCodec.decode(ErrorCodec.java:167)
at org.openqa.selenium.remote.codec.w3c.W3CHttpResponseCodec.decode(W3CHttpResponseCodec.java:138)
at org.openqa.selenium.remote.codec.w3c.W3CHttpResponseCodec.decode(W3CHttpResponseCodec.java:50)
at org.openqa.selenium.remote.HttpCommandExecutor.execute(HttpCommandExecutor.java:215)
at org.openqa.selenium.remote.service.DriverCommandExecutor.invokeExecute(DriverCommandExecutor.java:216)
at org.openqa.selenium.remote.service.DriverCommandExecutor.execute(DriverCommandExecutor.java:174)
at org.openqa.selenium.remote.RemoteWebDriver.execute(RemoteWebDriver.java:545)
at org.openqa.selenium.remote.RemoteWebElement.execute(RemoteWebElement.java:223)
at org.openqa.selenium.remote.RemoteWebElement.getAttribute(RemoteWebElement.java:149)
at com.new1.TESTONLY.methodFirst(TESTONLY.java:26)
at java.base/jdk.internal.reflect.DirectMethodHandleAccessor.invoke(DirectMethodHandleAccessor.java:104)
at java.base/java.lang.reflect.Method.invoke(Method.java:565)
at org.testng.internal.invokers.MethodInvocationHelper.invokeMethod(MethodInvocationHelper.java:141)
at org.testng.internal.invokers.TestInvoker.invokeMethod(TestInvoker.java:687)
at org.testng.internal.invokers.TestInvoker.invokeTestMethod(TestInvoker.java:230)
at org.testng.internal.invokers.MethodRunner.runInSequence(MethodRunner.java:63)
at org.testng.internal.invokers.TestInvoker$MethodInvocationAgent.invoke(TestInvoker.java:995)
at org.testng.internal.invokers.TestInvoker.invokeTestMethods(TestInvoker.java:203)
at org.testng.internal.invokers.TestMethodWorker.invokeTestMethods(TestMethodWorker.java:154)
at org.testng.internal.invokers.TestMethodWorker.run(TestMethodWorker.java:134)
at java.base/java.util.concurrent.Executors$RunnableAdapter.call(Executors.java:545)
at java.base/java.util.concurrent.FutureTask.run(FutureTask.java:328)
at org.testng.internal.thread.graph.TestNGFutureTask.run(TestNGFutureTask.java:22)
at java.base/java.util.concurrent.ThreadPoolExecutor.runWorker(ThreadPoolExecutor.java:1095)
at java.base/java.util.concurrent.ThreadPoolExecutor$Worker.run(ThreadPoolExecutor.java:619)
at java.base/java.lang.Thread.run(Thread.java:1447)
]]>
            </full-stacktrace>
          </exception> <!-- org.openqa.selenium.StaleElementReferenceException -->
          <reporter-output>
          </reporter-output>
        </test-method> <!-- methodFirst -->
        <test-method is-config="true" signature="clearCookies()[pri:0, instance:com.new1.TESTONLY@72bc6553]" started-at="2025-07-05T19:44:57 IST" name="clearCookies" finished-at="2025-07-05T19:45:02 IST" duration-ms="4557" status="PASS">
          <reporter-output>
          </reporter-output>
        </test-method> <!-- clearCookies -->
        <test-method is-config="true" signature="afterClass()[pri:0, instance:com.new1.TESTONLY@72bc6553]" started-at="2025-07-05T19:45:02 IST" name="afterClass" finished-at="2025-07-05T19:45:12 IST" duration-ms="9966" status="PASS">
          <reporter-output>
          </reporter-output>
        </test-method> <!-- afterClass -->
      </class> <!-- com.new1.TESTONLY -->
      <class name="com.new1.Second">
        <test-method is-config="true" signature="setBrowser()[pri:0, instance:com.new1.Second@4a8355dd]" started-at="2025-07-05T19:39:55 IST" name="setBrowser" finished-at="2025-07-05T19:40:28 IST" duration-ms="33056" status="PASS">
          <reporter-output>
          </reporter-output>
        </test-method> <!-- setBrowser -->
        <test-method is-config="true" signature="beforeMethod()[pri:0, instance:com.new1.Second@4a8355dd]" started-at="2025-07-05T19:40:28 IST" name="beforeMethod" finished-at="2025-07-05T19:43:22 IST" duration-ms="174142" status="PASS">
          <reporter-output>
          </reporter-output>
        </test-method> <!-- beforeMethod -->
        <test-method signature="test2()[pri:0, instance:com.new1.Second@4a8355dd]" started-at="2025-07-05T19:43:22 IST" name="test2" finished-at="2025-07-05T19:44:13 IST" duration-ms="51125" status="PASS">
          <reporter-output>
          </reporter-output>
        </test-method> <!-- test2 -->
        <test-method is-config="true" signature="clearCookies()[pri:0, instance:com.new1.Second@4a8355dd]" started-at="2025-07-05T19:44:14 IST" name="clearCookies" finished-at="2025-07-05T19:44:26 IST" duration-ms="11472" status="PASS">
          <reporter-output>
          </reporter-output>
        </test-method> <!-- clearCookies -->
        <test-method is-config="true" signature="afterClass()[pri:0, instance:com.new1.Second@4a8355dd]" started-at="2025-07-05T19:44:26 IST" name="afterClass" finished-at="2025-07-05T19:44:46 IST" duration-ms="20270" status="PASS">
          <reporter-output>
          </reporter-output>
        </test-method> <!-- afterClass -->
      </class> <!-- com.new1.Second -->
    </test> <!-- Test -->
  </suite> <!-- Suite -->
</testng-results>
